\BOOKMARK [1][-]{section.1}{\376\377\137\025\212\000}{}% 1
\BOOKMARK [1][-]{section.2}{\376\377\166\370\121\163\142\200\147\057\127\372\170\100}{}% 2
\BOOKMARK [2][-]{subsection.2.1}{\376\377\171\136\176\317\177\121\176\334\127\372\170\100}{section.2}% 3
\BOOKMARK [2][-]{subsection.2.2}{\376\377\157\300\155\073\121\375\145\160}{section.2}% 4
\BOOKMARK [2][-]{subsection.2.3}{\376\377\143\137\131\061\121\375\145\160}{section.2}% 5
\BOOKMARK [2][-]{subsection.2.4}{\376\377\117\030\123\026\126\150}{section.2}% 6
\BOOKMARK [2][-]{subsection.2.5}{\376\377\133\146\116\140\163\207\214\003\136\246}{section.2}% 7
\BOOKMARK [1][-]{section.3}{\376\377\166\356\150\007\116\016\142\200\147\057}{}% 8
\BOOKMARK [2][-]{subsection.3.1}{\376\377\116\373\122\241\166\356\150\007}{section.3}% 9
\BOOKMARK [2][-]{subsection.3.2}{\376\377\142\200\147\057\215\357\176\277}{section.3}% 10
\BOOKMARK [1][-]{section.4}{\376\377\145\160\143\156\226\306\116\016\152\041\127\213\213\276\213\241}{}% 11
\BOOKMARK [2][-]{subsection.4.1}{\376\377\145\160\143\156\226\306\116\313\176\315}{section.4}% 12
\BOOKMARK [3][-]{subsubsection.4.1.1}{\376\377\000E\000u\000r\000o\000S\000A\000T\000-\000R\000G\000B\145\160\143\156\226\306}{subsection.4.1}% 13
\BOOKMARK [3][-]{subsubsection.4.1.2}{\376\377\145\160\143\156\226\306\174\173\122\053}{subsection.4.1}% 14
\BOOKMARK [3][-]{subsubsection.4.1.3}{\376\377\145\160\143\156\230\204\131\004\164\006}{subsection.4.1}% 15
\BOOKMARK [2][-]{subsection.4.2}{\376\377\152\041\127\213\213\276\213\241}{section.4}% 16
\BOOKMARK [3][-]{subsubsection.4.2.1}{\376\377\116\011\134\102\171\136\176\317\177\121\176\334\147\266\147\204}{subsection.4.2}% 17
\BOOKMARK [3][-]{subsubsection.4.2.2}{\376\377\150\070\137\303\176\304\116\366\133\236\163\260}{subsection.4.2}% 18
\BOOKMARK [3][-]{subsubsection.4.2.3}{\376\377\152\041\127\213\213\255\176\303\155\101\172\013}{subsection.4.2}% 19
\BOOKMARK [1][-]{section.5}{\376\377\215\205\123\302\145\160\144\034\175\042\116\016\133\236\232\214}{}% 20
\BOOKMARK [2][-]{subsection.5.1}{\376\377\215\205\123\302\145\160\144\034\175\042\145\271\154\325}{section.5}% 21
\BOOKMARK [3][-]{subsubsection.5.1.1}{\376\377\177\121\150\074\144\034\175\042}{subsection.5.1}% 22
\BOOKMARK [3][-]{subsubsection.5.1.2}{\376\377\226\217\147\072\144\034\175\042}{subsection.5.1}% 23
\BOOKMARK [2][-]{subsection.5.2}{\376\377\133\236\232\214\213\276\177\156}{section.5}% 24
\BOOKMARK [3][-]{subsubsection.5.2.1}{\376\377\133\236\232\214\163\257\130\203}{subsection.5.2}% 25
\BOOKMARK [2][-]{subsection.5.3}{\376\377\152\041\127\213\213\304\117\060\143\007\150\007}{section.5}% 26
\BOOKMARK [1][-]{section.6}{\376\377\133\236\232\214\176\323\147\234\116\016\122\006\147\220}{}% 27
\BOOKMARK [2][-]{subsection.6.1}{\376\377\215\205\123\302\145\160\144\034\175\042\176\323\147\234}{section.6}% 28
\BOOKMARK [3][-]{subsubsection.6.1.1}{\376\377\177\121\150\074\144\034\175\042\176\304\124\010\140\305\121\265}{subsection.6.1}% 29
\BOOKMARK [3][-]{subsubsection.6.1.2}{\376\377\215\205\123\302\145\160\176\304\124\010\122\006\147\220}{subsection.6.1}% 30
\BOOKMARK [3][-]{subsubsection.6.1.3}{\376\377\215\205\123\302\145\160\221\315\211\201\140\047\122\006\147\220}{subsection.6.1}% 31
\BOOKMARK [3][-]{subsubsection.6.1.4}{\376\377\121\306\170\156\163\207\122\006\136\003}{subsection.6.1}% 32
\BOOKMARK [2][-]{subsection.6.2}{\376\377\152\041\127\213\140\047\200\375\213\304\117\060}{section.6}% 33
\BOOKMARK [3][-]{subsubsection.6.2.1}{\376\377\155\113\213\325\226\306\121\306\170\156\163\207}{subsection.6.2}% 34
\BOOKMARK [3][-]{subsubsection.6.2.2}{\376\377\155\367\155\306\167\351\226\065}{subsection.6.2}% 35
\BOOKMARK [2][-]{subsection.6.3}{\376\377\213\255\176\303\217\307\172\013\123\357\211\306\123\026}{section.6}% 36
\BOOKMARK [3][-]{subsubsection.6.3.1}{\376\377\213\255\176\303\123\206\123\362\146\362\176\277}{subsection.6.3}% 37
\BOOKMARK [3][-]{subsubsection.6.3.2}{\376\377\215\205\123\302\145\160\144\034\175\042\176\323\147\234}{subsection.6.3}% 38
\BOOKMARK [3][-]{subsubsection.6.3.3}{\376\377\226\220\205\317\134\102\131\047\134\017\133\371\121\306\170\156\163\207\166\204\137\161\124\315}{subsection.6.3}% 39
\BOOKMARK [2][-]{subsection.6.4}{\376\377\147\103\221\315\123\357\211\306\123\026}{section.6}% 40
\BOOKMARK [3][-]{subsubsection.6.4.1}{\376\377\173\054\116\000\134\102\147\103\221\315\123\357\211\306\123\026}{subsection.6.4}% 41
\BOOKMARK [2][-]{subsection.6.5}{\376\377\225\031\213\357\122\006\147\220}{section.6}% 42
\BOOKMARK [3][-]{subsubsection.6.5.1}{\376\377\225\031\213\357\122\006\174\173\150\067\147\054}{subsection.6.5}% 43
\BOOKMARK [2][-]{subsection.6.6}{\376\377\152\041\127\213\117\335\133\130\116\016\213\277\225\356}{section.6}% 44
\BOOKMARK [1][-]{section.7}{\376\377\140\073\176\323\116\016\134\125\147\033}{}% 45
\BOOKMARK [2][-]{subsection.7.1}{\376\377\133\236\232\214\140\073\176\323}{section.7}% 46
\BOOKMARK [2][-]{subsection.7.2}{\376\377\142\200\147\057\143\021\142\030\116\016\211\343\121\263\145\271\150\110}{section.7}% 47
\BOOKMARK [2][-]{subsection.7.3}{\376\377\147\052\147\145\135\345\117\134\134\125\147\033}{section.7}% 48
